This file contains any messages produced by compilers while
running configure, to aid debugging if configure makes a mistake.

It was created by opengl2 configure 0.1.0, which was
generated by GNU Autoconf 2.69.  Invocation command line was

  $ ./configure --prefix /home/marc

## --------- ##
## Platform. ##
## --------- ##

hostname = debian
uname -m = x86_64
uname -r = 4.12.0-1-amd64
uname -s = Linux
uname -v = #1 SMP Debian 4.12.6-1 (2017-08-12)

/usr/bin/uname -p = unknown
/bin/uname -X     = unknown

/bin/arch              = unknown
/usr/bin/arch -k       = unknown
/usr/convex/getsysinfo = unknown
/usr/bin/hostinfo      = unknown
/bin/machine           = unknown
/usr/bin/oslevel       = unknown
/bin/universe          = unknown

PATH: /home/marc/bin
PATH: /usr/local/bin
PATH: /usr/bin
PATH: /bin
PATH: /usr/local/games
PATH: /usr/games


## ----------- ##
## Core tests. ##
## ----------- ##

configure:2408: checking build system type
configure:2422: result: x86_64-pc-linux-gnu
configure:2442: checking host system type
configure:2455: result: x86_64-pc-linux-gnu
configure:2498: checking whether make supports nested variables
configure:2515: result: yes
configure:2542: checking for a BSD-compatible install
configure:2610: result: /usr/bin/install -c
configure:2621: checking whether build environment is sane
configure:2676: result: yes
configure:2827: checking for a thread-safe mkdir -p
configure:2866: result: /bin/mkdir -p
configure:2873: checking for gawk
configure:2889: found /usr/bin/gawk
configure:2900: result: gawk
configure:2911: checking whether make sets $(MAKE)
configure:2933: result: yes
configure:3029: checking whether UID '1000' is supported by ustar format
configure:3032: result: yes
configure:3039: checking whether GID '1000' is supported by ustar format
configure:3042: result: yes
configure:3050: checking how to create a ustar tar archive
configure:3061: tar --version
tar (GNU tar) 1.29
Copyright (C) 2015 Free Software Foundation, Inc.
License GPLv3+: GNU GPL version 3 or later <http://gnu.org/licenses/gpl.html>.
This is free software: you are free to change and redistribute it.
There is NO WARRANTY, to the extent permitted by law.

Written by John Gilmore and Jay Fenlason.
configure:3064: $? = 0
configure:3104: tardir=conftest.dir && eval tar --format=ustar -chf - "$tardir" >conftest.tar
configure:3107: $? = 0
configure:3111: tar -xf - <conftest.tar
configure:3114: $? = 0
configure:3116: cat conftest.dir/file
GrepMe
configure:3119: $? = 0
configure:3132: result: gnutar
configure:3183: checking whether to enable maintainer-specific portions of Makefiles
configure:3192: result: yes
configure:3210: checking for git
configure:3228: found /usr/bin/git
configure:3241: result: /usr/bin/git
configure:3292: checking whether to enable debugging
configure:3354: result: no
configure:3400: checking for a sed that does not truncate output
configure:3464: result: /bin/sed
configure:3470: checking whether NLS is requested
configure:3479: result: yes
configure:3519: checking for msgfmt
configure: trying /usr/bin/msgfmt...
0 translated messages.
configure:3551: result: /usr/bin/msgfmt
configure:3560: checking for gmsgfmt
configure:3591: result: /usr/bin/msgfmt
configure:3641: checking for xgettext
configure: trying /usr/bin/xgettext...
/usr/bin/xgettext: warning: file '/dev/null' extension '' is unknown; will try C
configure:3673: result: /usr/bin/xgettext
configure:3718: checking for msgmerge
configure: trying /usr/bin/msgmerge...
configure:3749: result: /usr/bin/msgmerge
configure:3794: checking for style of include used by make
configure:3822: result: GNU
configure:3893: checking for gcc
configure:3909: found /usr/bin/gcc
configure:3920: result: gcc
configure:4149: checking for C compiler version
configure:4158: gcc --version >&5
gcc (Debian 7.2.0-4) 7.2.0
Copyright (C) 2017 Free Software Foundation, Inc.
This is free software; see the source for copying conditions.  There is NO
warranty; not even for MERCHANTABILITY or FITNESS FOR A PARTICULAR PURPOSE.

configure:4169: $? = 0
configure:4158: gcc -v >&5
Using built-in specs.
COLLECT_GCC=gcc
COLLECT_LTO_WRAPPER=/usr/lib/gcc/x86_64-linux-gnu/7/lto-wrapper
OFFLOAD_TARGET_NAMES=nvptx-none
OFFLOAD_TARGET_DEFAULT=1
Target: x86_64-linux-gnu
Configured with: ../src/configure -v --with-pkgversion='Debian 7.2.0-4' --with-bugurl=file:///usr/share/doc/gcc-7/README.Bugs --enable-languages=c,ada,c++,go,brig,d,fortran,objc,obj-c++ --prefix=/usr --with-gcc-major-version-only --program-suffix=-7 --program-prefix=x86_64-linux-gnu- --enable-shared --enable-linker-build-id --libexecdir=/usr/lib --without-included-gettext --enable-threads=posix --libdir=/usr/lib --enable-nls --with-sysroot=/ --enable-clocale=gnu --enable-libstdcxx-debug --enable-libstdcxx-time=yes --with-default-libstdcxx-abi=new --enable-gnu-unique-object --disable-vtable-verify --enable-libmpx --enable-plugin --enable-default-pie --with-system-zlib --with-target-system-zlib --enable-objc-gc=auto --enable-multiarch --disable-werror --with-arch-32=i686 --with-abi=m64 --with-multilib-list=m32,m64,mx32 --enable-multilib --with-tune=generic --enable-offload-targets=nvptx-none --without-cuda-driver --enable-checking=release --build=x86_64-linux-gnu --host=x86_64-linux-gnu --target=x86_64-linux-gnu
Thread model: posix
gcc version 7.2.0 (Debian 7.2.0-4) 
configure:4169: $? = 0
configure:4158: gcc -V >&5
gcc: error: unrecognized command line option '-V'
gcc: fatal error: no input files
compilation terminated.
configure:4169: $? = 1
configure:4158: gcc -qversion >&5
gcc: error: unrecognized command line option '-qversion'; did you mean '--version'?
gcc: fatal error: no input files
compilation terminated.
configure:4169: $? = 1
configure:4189: checking whether the C compiler works
configure:4211: gcc    conftest.c  >&5
configure:4215: $? = 0
configure:4263: result: yes
configure:4266: checking for C compiler default output file name
configure:4268: result: a.out
configure:4274: checking for suffix of executables
configure:4281: gcc -o conftest    conftest.c  >&5
configure:4285: $? = 0
configure:4307: result: 
configure:4329: checking whether we are cross compiling
configure:4337: gcc -o conftest    conftest.c  >&5
configure:4341: $? = 0
configure:4348: ./conftest
configure:4352: $? = 0
configure:4367: result: no
configure:4372: checking for suffix of object files
configure:4394: gcc -c   conftest.c >&5
configure:4398: $? = 0
configure:4419: result: o
configure:4423: checking whether we are using the GNU C compiler
configure:4442: gcc -c   conftest.c >&5
configure:4442: $? = 0
configure:4451: result: yes
configure:4460: checking whether gcc accepts -g
configure:4480: gcc -c -g  conftest.c >&5
configure:4480: $? = 0
configure:4521: result: yes
configure:4538: checking for gcc option to accept ISO C89
configure:4601: gcc  -c   conftest.c >&5
configure:4601: $? = 0
configure:4614: result: none needed
configure:4639: checking whether gcc understands -c and -o together
configure:4661: gcc -c conftest.c -o conftest2.o
configure:4664: $? = 0
configure:4661: gcc -c conftest.c -o conftest2.o
configure:4664: $? = 0
configure:4676: result: yes
configure:4695: checking dependency style of gcc
configure:4806: result: gcc3
configure:4846: checking for ld used by gcc
configure:4913: result: /usr/bin/ld
configure:4920: checking if the linker (/usr/bin/ld) is GNU ld
configure:4935: result: yes
configure:4942: checking for shared library run path origin
configure:4955: result: done
configure:4980: checking how to run the C preprocessor
configure:5011: gcc -E  conftest.c
configure:5011: $? = 0
configure:5025: gcc -E  conftest.c
conftest.c:13:10: fatal error: ac_nonexistent.h: No such file or directory
 #include <ac_nonexistent.h>
          ^~~~~~~~~~~~~~~~~~
compilation terminated.
configure:5025: $? = 1
configure: failed program was:
| /* confdefs.h */
| #define PACKAGE_NAME "opengl2"
| #define PACKAGE_TARNAME "opengl2"
| #define PACKAGE_VERSION "0.1.0"
| #define PACKAGE_STRING "opengl2 0.1.0"
| #define PACKAGE_BUGREPORT "https://bugzilla.gnome.org/enter_bug.cgi?product=opengl2"
| #define PACKAGE_URL ""
| #define PACKAGE "opengl2"
| #define VERSION "0.1.0"
| #define NDEBUG /**/
| #define GETTEXT_PACKAGE "opengl2"
| /* end confdefs.h.  */
| #include <ac_nonexistent.h>
configure:5050: result: gcc -E
configure:5070: gcc -E  conftest.c
configure:5070: $? = 0
configure:5084: gcc -E  conftest.c
conftest.c:13:10: fatal error: ac_nonexistent.h: No such file or directory
 #include <ac_nonexistent.h>
          ^~~~~~~~~~~~~~~~~~
compilation terminated.
configure:5084: $? = 1
configure: failed program was:
| /* confdefs.h */
| #define PACKAGE_NAME "opengl2"
| #define PACKAGE_TARNAME "opengl2"
| #define PACKAGE_VERSION "0.1.0"
| #define PACKAGE_STRING "opengl2 0.1.0"
| #define PACKAGE_BUGREPORT "https://bugzilla.gnome.org/enter_bug.cgi?product=opengl2"
| #define PACKAGE_URL ""
| #define PACKAGE "opengl2"
| #define VERSION "0.1.0"
| #define NDEBUG /**/
| #define GETTEXT_PACKAGE "opengl2"
| /* end confdefs.h.  */
| #include <ac_nonexistent.h>
configure:5113: checking for grep that handles long lines and -e
configure:5171: result: /bin/grep
configure:5176: checking for egrep
configure:5238: result: /bin/grep -E
configure:5796: checking for CFPreferencesCopyAppValue
configure:5814: gcc -o conftest    conftest.c  -Wl,-framework -Wl,CoreFoundation >&5
conftest.c:13:10: fatal error: CoreFoundation/CFPreferences.h: No such file or directory
 #include <CoreFoundation/CFPreferences.h>
          ^~~~~~~~~~~~~~~~~~~~~~~~~~~~~~~~
compilation terminated.
configure:5814: $? = 1
configure: failed program was:
| /* confdefs.h */
| #define PACKAGE_NAME "opengl2"
| #define PACKAGE_TARNAME "opengl2"
| #define PACKAGE_VERSION "0.1.0"
| #define PACKAGE_STRING "opengl2 0.1.0"
| #define PACKAGE_BUGREPORT "https://bugzilla.gnome.org/enter_bug.cgi?product=opengl2"
| #define PACKAGE_URL ""
| #define PACKAGE "opengl2"
| #define VERSION "0.1.0"
| #define NDEBUG /**/
| #define GETTEXT_PACKAGE "opengl2"
| /* end confdefs.h.  */
| #include <CoreFoundation/CFPreferences.h>
| int
| main ()
| {
| CFPreferencesCopyAppValue(NULL, NULL)
|   ;
|   return 0;
| }
configure:5823: result: no
configure:5830: checking for CFLocaleCopyCurrent
configure:5848: gcc -o conftest    conftest.c  -Wl,-framework -Wl,CoreFoundation >&5
conftest.c:13:10: fatal error: CoreFoundation/CFLocale.h: No such file or directory
 #include <CoreFoundation/CFLocale.h>
          ^~~~~~~~~~~~~~~~~~~~~~~~~~~
compilation terminated.
configure:5848: $? = 1
configure: failed program was:
| /* confdefs.h */
| #define PACKAGE_NAME "opengl2"
| #define PACKAGE_TARNAME "opengl2"
| #define PACKAGE_VERSION "0.1.0"
| #define PACKAGE_STRING "opengl2 0.1.0"
| #define PACKAGE_BUGREPORT "https://bugzilla.gnome.org/enter_bug.cgi?product=opengl2"
| #define PACKAGE_URL ""
| #define PACKAGE "opengl2"
| #define VERSION "0.1.0"
| #define NDEBUG /**/
| #define GETTEXT_PACKAGE "opengl2"
| /* end confdefs.h.  */
| #include <CoreFoundation/CFLocale.h>
| int
| main ()
| {
| CFLocaleCopyCurrent();
|   ;
|   return 0;
| }
configure:5857: result: no
configure:5906: checking for GNU gettext in libc
configure:5930: gcc -o conftest    conftest.c  >&5
configure:5930: $? = 0
configure:5939: result: yes
configure:6776: checking whether to use NLS
configure:6778: result: yes
configure:6781: checking where the gettext function comes from
configure:6792: result: libc
configure:6899: checking for gcc
configure:6926: result: gcc
configure:7155: checking for C compiler version
configure:7164: gcc --version >&5
gcc (Debian 7.2.0-4) 7.2.0
Copyright (C) 2017 Free Software Foundation, Inc.
This is free software; see the source for copying conditions.  There is NO
warranty; not even for MERCHANTABILITY or FITNESS FOR A PARTICULAR PURPOSE.

configure:7175: $? = 0
configure:7164: gcc -v >&5
Using built-in specs.
COLLECT_GCC=gcc
COLLECT_LTO_WRAPPER=/usr/lib/gcc/x86_64-linux-gnu/7/lto-wrapper
OFFLOAD_TARGET_NAMES=nvptx-none
OFFLOAD_TARGET_DEFAULT=1
Target: x86_64-linux-gnu
Configured with: ../src/configure -v --with-pkgversion='Debian 7.2.0-4' --with-bugurl=file:///usr/share/doc/gcc-7/README.Bugs --enable-languages=c,ada,c++,go,brig,d,fortran,objc,obj-c++ --prefix=/usr --with-gcc-major-version-only --program-suffix=-7 --program-prefix=x86_64-linux-gnu- --enable-shared --enable-linker-build-id --libexecdir=/usr/lib --without-included-gettext --enable-threads=posix --libdir=/usr/lib --enable-nls --with-sysroot=/ --enable-clocale=gnu --enable-libstdcxx-debug --enable-libstdcxx-time=yes --with-default-libstdcxx-abi=new --enable-gnu-unique-object --disable-vtable-verify --enable-libmpx --enable-plugin --enable-default-pie --with-system-zlib --with-target-system-zlib --enable-objc-gc=auto --enable-multiarch --disable-werror --with-arch-32=i686 --with-abi=m64 --with-multilib-list=m32,m64,mx32 --enable-multilib --with-tune=generic --enable-offload-targets=nvptx-none --without-cuda-driver --enable-checking=release --build=x86_64-linux-gnu --host=x86_64-linux-gnu --target=x86_64-linux-gnu
Thread model: posix
gcc version 7.2.0 (Debian 7.2.0-4) 
configure:7175: $? = 0
configure:7164: gcc -V >&5
gcc: error: unrecognized command line option '-V'
gcc: fatal error: no input files
compilation terminated.
configure:7175: $? = 1
configure:7164: gcc -qversion >&5
gcc: error: unrecognized command line option '-qversion'; did you mean '--version'?
gcc: fatal error: no input files
compilation terminated.
configure:7175: $? = 1
configure:7179: checking whether we are using the GNU C compiler
configure:7207: result: yes
configure:7216: checking whether gcc accepts -g
configure:7277: result: yes
configure:7294: checking for gcc option to accept ISO C89
configure:7370: result: none needed
configure:7395: checking whether gcc understands -c and -o together
configure:7432: result: yes
configure:7451: checking dependency style of gcc
configure:7562: result: gcc3
configure:7636: checking for g++
configure:7652: found /usr/bin/g++
configure:7663: result: g++
configure:7690: checking for C++ compiler version
configure:7699: g++ --version >&5
g++ (Debian 7.2.0-4) 7.2.0
Copyright (C) 2017 Free Software Foundation, Inc.
This is free software; see the source for copying conditions.  There is NO
warranty; not even for MERCHANTABILITY or FITNESS FOR A PARTICULAR PURPOSE.

configure:7710: $? = 0
configure:7699: g++ -v >&5
Using built-in specs.
COLLECT_GCC=g++
COLLECT_LTO_WRAPPER=/usr/lib/gcc/x86_64-linux-gnu/7/lto-wrapper
OFFLOAD_TARGET_NAMES=nvptx-none
OFFLOAD_TARGET_DEFAULT=1
Target: x86_64-linux-gnu
Configured with: ../src/configure -v --with-pkgversion='Debian 7.2.0-4' --with-bugurl=file:///usr/share/doc/gcc-7/README.Bugs --enable-languages=c,ada,c++,go,brig,d,fortran,objc,obj-c++ --prefix=/usr --with-gcc-major-version-only --program-suffix=-7 --program-prefix=x86_64-linux-gnu- --enable-shared --enable-linker-build-id --libexecdir=/usr/lib --without-included-gettext --enable-threads=posix --libdir=/usr/lib --enable-nls --with-sysroot=/ --enable-clocale=gnu --enable-libstdcxx-debug --enable-libstdcxx-time=yes --with-default-libstdcxx-abi=new --enable-gnu-unique-object --disable-vtable-verify --enable-libmpx --enable-plugin --enable-default-pie --with-system-zlib --with-target-system-zlib --enable-objc-gc=auto --enable-multiarch --disable-werror --with-arch-32=i686 --with-abi=m64 --with-multilib-list=m32,m64,mx32 --enable-multilib --with-tune=generic --enable-offload-targets=nvptx-none --without-cuda-driver --enable-checking=release --build=x86_64-linux-gnu --host=x86_64-linux-gnu --target=x86_64-linux-gnu
Thread model: posix
gcc version 7.2.0 (Debian 7.2.0-4) 
configure:7710: $? = 0
configure:7699: g++ -V >&5
g++: error: unrecognized command line option '-V'
g++: fatal error: no input files
compilation terminated.
configure:7710: $? = 1
configure:7699: g++ -qversion >&5
g++: error: unrecognized command line option '-qversion'; did you mean '--version'?
g++: fatal error: no input files
compilation terminated.
configure:7710: $? = 1
configure:7714: checking whether we are using the GNU C++ compiler
configure:7733: g++ -c   conftest.cpp >&5
configure:7733: $? = 0
configure:7742: result: yes
configure:7751: checking whether g++ accepts -g
configure:7771: g++ -c -g  conftest.cpp >&5
configure:7771: $? = 0
configure:7812: result: yes
configure:7837: checking dependency style of g++
configure:7948: result: gcc3
configure:7964: checking for a sed that does not truncate output
configure:8028: result: /bin/sed
configure:8035: checking for glib-genmarshal
configure:8053: found /usr/bin/glib-genmarshal
configure:8065: result: /usr/bin/glib-genmarshal
configure:8075: checking for glib-mkenums
configure:8093: found /usr/bin/glib-mkenums
configure:8105: result: /usr/bin/glib-mkenums
configure:8115: checking for glib-compile-resources
configure:8133: found /usr/bin/glib-compile-resources
configure:8145: result: /usr/bin/glib-compile-resources
configure:8207: checking for pkg-config
configure:8225: found /usr/bin/pkg-config
configure:8237: result: /usr/bin/pkg-config
configure:8262: checking pkg-config is at least version 0.22
configure:8265: result: yes
configure:8339: checking for pkg-config
configure:8369: result: /usr/bin/pkg-config
configure:8394: checking pkg-config is at least version 0.16
configure:8397: result: yes
configure:8516: checking for gobject-introspection
configure:8547: $PKG_CONFIG --exists --print-errors "gobject-introspection-1.0 >= 1.42.0"
Package gobject-introspection-1.0 was not found in the pkg-config search path.
Perhaps you should add the directory containing `gobject-introspection-1.0.pc'
to the PKG_CONFIG_PATH environment variable
No package 'gobject-introspection-1.0' found
configure:8550: $? = 1
configure:8562: result: no
configure:8672: checking whether C compiler accepts -Werror=unknown-warning-option
configure:8691: gcc -c   -Werror=unknown-warning-option  conftest.c >&5
cc1: error: -Werror=unknown-warning-option: no option -Wunknown-warning-option
configure:8691: $? = 1
configure: failed program was:
| /* confdefs.h */
| #define PACKAGE_NAME "opengl2"
| #define PACKAGE_TARNAME "opengl2"
| #define PACKAGE_VERSION "0.1.0"
| #define PACKAGE_STRING "opengl2 0.1.0"
| #define PACKAGE_BUGREPORT "https://bugzilla.gnome.org/enter_bug.cgi?product=opengl2"
| #define PACKAGE_URL ""
| #define PACKAGE "opengl2"
| #define VERSION "0.1.0"
| #define NDEBUG /**/
| #define GETTEXT_PACKAGE "opengl2"
| #define ENABLE_NLS 1
| #define HAVE_GETTEXT 1
| #define HAVE_DCGETTEXT 1
| /* end confdefs.h.  */
| 
| int
| main ()
| {
| 
|   ;
|   return 0;
| }
configure:8699: result: no
configure:8713: checking whether C compiler accepts -Wno-suggest-attribute=format
configure:8732: gcc -c   -Wno-suggest-attribute=format  conftest.c >&5
configure:8732: $? = 0
configure:8740: result: yes
configure:8760: checking whether C compiler accepts -fno-strict-aliasing
configure:8779: gcc -c   -fno-strict-aliasing  conftest.c >&5
configure:8779: $? = 0
configure:8788: result: yes
configure:8815: : WARN_CFLAGS="$WARN_CFLAGS"
configure:8818: $? = 0
configure:8839: checking whether C compiler accepts -Wall
configure:8858: gcc -c   -Wall  conftest.c >&5
configure:8858: $? = 0
configure:8867: result: yes
configure:8883: : WARN_CFLAGS="$WARN_CFLAGS"
configure:8886: $? = 0
configure:8839: checking whether C compiler accepts -Wextra
configure:8858: gcc -c   -Wextra  conftest.c >&5
configure:8858: $? = 0
configure:8867: result: yes
configure:8883: : WARN_CFLAGS="$WARN_CFLAGS"
configure:8886: $? = 0
configure:8839: checking whether C compiler accepts -Wundef
configure:8858: gcc -c   -Wundef  conftest.c >&5
configure:8858: $? = 0
configure:8867: result: yes
configure:8883: : WARN_CFLAGS="$WARN_CFLAGS"
configure:8886: $? = 0
configure:8839: checking whether C compiler accepts -Wnested-externs
configure:8858: gcc -c   -Wnested-externs  conftest.c >&5
configure:8858: $? = 0
configure:8867: result: yes
configure:8883: : WARN_CFLAGS="$WARN_CFLAGS"
configure:8886: $? = 0
configure:8839: checking whether C compiler accepts -Wwrite-strings
configure:8858: gcc -c   -Wwrite-strings  conftest.c >&5
configure:8858: $? = 0
configure:8867: result: yes
configure:8883: : WARN_CFLAGS="$WARN_CFLAGS"
configure:8886: $? = 0
configure:8839: checking whether C compiler accepts -Wpointer-arith
configure:8858: gcc -c   -Wpointer-arith  conftest.c >&5
configure:8858: $? = 0
configure:8867: result: yes
configure:8883: : WARN_CFLAGS="$WARN_CFLAGS"
configure:8886: $? = 0
configure:8839: checking whether C compiler accepts -Wmissing-declarations
configure:8858: gcc -c   -Wmissing-declarations  conftest.c >&5
configure:8858: $? = 0
configure:8867: result: yes
configure:8883: : WARN_CFLAGS="$WARN_CFLAGS"
configure:8886: $? = 0
configure:8839: checking whether C compiler accepts -Wmissing-prototypes
configure:8858: gcc -c   -Wmissing-prototypes  conftest.c >&5
configure:8858: $? = 0
configure:8867: result: yes
configure:8883: : WARN_CFLAGS="$WARN_CFLAGS"
configure:8886: $? = 0
configure:8839: checking whether C compiler accepts -Wstrict-prototypes
configure:8858: gcc -c   -Wstrict-prototypes  conftest.c >&5
conftest.c:18:1: warning: function declaration isn't a prototype [-Wstrict-prototypes]
 main ()
 ^~~~
configure:8858: $? = 0
configure:8867: result: yes
configure:8883: : WARN_CFLAGS="$WARN_CFLAGS"
configure:8886: $? = 0
configure:8839: checking whether C compiler accepts -Wredundant-decls
configure:8858: gcc -c   -Wredundant-decls  conftest.c >&5
configure:8858: $? = 0
configure:8867: result: yes
configure:8883: : WARN_CFLAGS="$WARN_CFLAGS"
configure:8886: $? = 0
configure:8839: checking whether C compiler accepts -Wno-unused-parameter
configure:8858: gcc -c   -Wno-unused-parameter  conftest.c >&5
configure:8858: $? = 0
configure:8867: result: yes
configure:8883: : WARN_CFLAGS="$WARN_CFLAGS"
configure:8886: $? = 0
configure:8839: checking whether C compiler accepts -Wno-missing-field-initializers
configure:8858: gcc -c   -Wno-missing-field-initializers  conftest.c >&5
configure:8858: $? = 0
configure:8867: result: yes
configure:8883: : WARN_CFLAGS="$WARN_CFLAGS"
configure:8886: $? = 0
configure:8839: checking whether C compiler accepts -Wdeclaration-after-statement
configure:8858: gcc -c   -Wdeclaration-after-statement  conftest.c >&5
configure:8858: $? = 0
configure:8867: result: yes
configure:8883: : WARN_CFLAGS="$WARN_CFLAGS"
configure:8886: $? = 0
configure:8839: checking whether C compiler accepts -Wformat=2
configure:8858: gcc -c   -Wformat=2  conftest.c >&5
configure:8858: $? = 0
configure:8867: result: yes
configure:8883: : WARN_CFLAGS="$WARN_CFLAGS"
configure:8886: $? = 0
configure:8839: checking whether C compiler accepts -Wold-style-definition
configure:8858: gcc -c   -Wold-style-definition  conftest.c >&5
conftest.c: In function 'main':
conftest.c:18:1: warning: old-style function definition [-Wold-style-definition]
 main ()
 ^~~~
configure:8858: $? = 0
configure:8867: result: yes
configure:8883: : WARN_CFLAGS="$WARN_CFLAGS"
configure:8886: $? = 0
configure:8839: checking whether C compiler accepts -Wcast-align
configure:8858: gcc -c   -Wcast-align  conftest.c >&5
configure:8858: $? = 0
configure:8867: result: yes
configure:8883: : WARN_CFLAGS="$WARN_CFLAGS"
configure:8886: $? = 0
configure:8839: checking whether C compiler accepts -Wformat-nonliteral
configure:8858: gcc -c   -Wformat-nonliteral  conftest.c >&5
cc1: warning: -Wformat-nonliteral ignored without -Wformat [-Wformat-nonliteral]
configure:8858: $? = 0
configure:8867: result: yes
configure:8883: : WARN_CFLAGS="$WARN_CFLAGS"
configure:8886: $? = 0
configure:8839: checking whether C compiler accepts -Wformat-security
configure:8858: gcc -c   -Wformat-security  conftest.c >&5
cc1: warning: -Wformat-security ignored without -Wformat [-Wformat-security]
configure:8858: $? = 0
configure:8867: result: yes
configure:8883: : WARN_CFLAGS="$WARN_CFLAGS"
configure:8886: $? = 0
configure:8839: checking whether C compiler accepts -Wsign-compare
configure:8858: gcc -c   -Wsign-compare  conftest.c >&5
configure:8858: $? = 0
configure:8867: result: yes
configure:8883: : WARN_CFLAGS="$WARN_CFLAGS"
configure:8886: $? = 0
configure:8839: checking whether C compiler accepts -Wstrict-aliasing
configure:8858: gcc -c   -Wstrict-aliasing  conftest.c >&5
configure:8858: $? = 0
configure:8867: result: yes
configure:8883: : WARN_CFLAGS="$WARN_CFLAGS"
configure:8886: $? = 0
configure:8839: checking whether C compiler accepts -Wshadow
configure:8858: gcc -c   -Wshadow  conftest.c >&5
configure:8858: $? = 0
configure:8867: result: yes
configure:8883: : WARN_CFLAGS="$WARN_CFLAGS"
configure:8886: $? = 0
configure:8839: checking whether C compiler accepts -Winline
configure:8858: gcc -c   -Winline  conftest.c >&5
configure:8858: $? = 0
configure:8867: result: yes
configure:8883: : WARN_CFLAGS="$WARN_CFLAGS"
configure:8886: $? = 0
configure:8839: checking whether C compiler accepts -Wpacked
configure:8858: gcc -c   -Wpacked  conftest.c >&5
configure:8858: $? = 0
configure:8867: result: yes
configure:8883: : WARN_CFLAGS="$WARN_CFLAGS"
configure:8886: $? = 0
configure:8839: checking whether C compiler accepts -Wmissing-format-attribute
configure:8858: gcc -c   -Wmissing-format-attribute  conftest.c >&5
configure:8858: $? = 0
configure:8867: result: yes
configure:8883: : WARN_CFLAGS="$WARN_CFLAGS"
configure:8886: $? = 0
configure:8839: checking whether C compiler accepts -Wmissing-noreturn
configure:8858: gcc -c   -Wmissing-noreturn  conftest.c >&5
configure:8858: $? = 0
configure:8867: result: yes
configure:8883: : WARN_CFLAGS="$WARN_CFLAGS"
configure:8886: $? = 0
configure:8839: checking whether C compiler accepts -Winit-self
configure:8858: gcc -c   -Winit-self  conftest.c >&5
configure:8858: $? = 0
configure:8867: result: yes
configure:8883: : WARN_CFLAGS="$WARN_CFLAGS"
configure:8886: $? = 0
configure:8839: checking whether C compiler accepts -Wredundant-decls
configure:8867: result: yes
configure:8875: : WARN_CFLAGS already contains $flag
configure:8878: $? = 0
configure:8839: checking whether C compiler accepts -Wmissing-include-dirs
configure:8858: gcc -c   -Wmissing-include-dirs  conftest.c >&5
configure:8858: $? = 0
configure:8867: result: yes
configure:8883: : WARN_CFLAGS="$WARN_CFLAGS"
configure:8886: $? = 0
configure:8839: checking whether C compiler accepts -Wunused-but-set-variable
configure:8858: gcc -c   -Wunused-but-set-variable  conftest.c >&5
configure:8858: $? = 0
configure:8867: result: yes
configure:8883: : WARN_CFLAGS="$WARN_CFLAGS"
configure:8886: $? = 0
configure:8839: checking whether C compiler accepts -Warray-bounds
configure:8858: gcc -c   -Warray-bounds  conftest.c >&5
configure:8858: $? = 0
configure:8867: result: yes
configure:8883: : WARN_CFLAGS="$WARN_CFLAGS"
configure:8886: $? = 0
configure:8839: checking whether C compiler accepts -Wimplicit-function-declaration
configure:8858: gcc -c   -Wimplicit-function-declaration  conftest.c >&5
configure:8858: $? = 0
configure:8867: result: yes
configure:8883: : WARN_CFLAGS="$WARN_CFLAGS"
configure:8886: $? = 0
configure:8839: checking whether C compiler accepts -Wreturn-type
configure:8858: gcc -c   -Wreturn-type  conftest.c >&5
configure:8858: $? = 0
configure:8867: result: yes
configure:8883: : WARN_CFLAGS="$WARN_CFLAGS"
configure:8886: $? = 0
configure:8839: checking whether C compiler accepts -Wswitch-enum
configure:8858: gcc -c   -Wswitch-enum  conftest.c >&5
configure:8858: $? = 0
configure:8867: result: yes
configure:8883: : WARN_CFLAGS="$WARN_CFLAGS"
configure:8886: $? = 0
configure:8839: checking whether C compiler accepts -Wswitch-default
configure:8858: gcc -c   -Wswitch-default  conftest.c >&5
configure:8858: $? = 0
configure:8867: result: yes
configure:8883: : WARN_CFLAGS="$WARN_CFLAGS"
configure:8886: $? = 0
configure:8930: : WARN_CFLAGS="$WARN_CFLAGS"
configure:8933: $? = 0
configure:8956: checking whether C compiler accepts -Wno-suggest-attribute=format
configure:8975: gcc -c   -Wno-suggest-attribute=format  conftest.c >&5
configure:8975: $? = 0
configure:8984: result: yes
configure:9000: : WARN_CFLAGS="$WARN_CFLAGS"
configure:9003: $? = 0
configure:9044: checking whether C compiler accepts -Wno-error=unused-parameter
configure:9063: gcc -c   -Wno-error=unused-parameter  conftest.c >&5
configure:9063: $? = 0
configure:9072: result: yes
configure:9088: : WARN_CFLAGS="$WARN_CFLAGS"
configure:9091: $? = 0
configure:9044: checking whether C compiler accepts -Wno-error=missing-field-initializers
configure:9063: gcc -c   -Wno-error=missing-field-initializers  conftest.c >&5
configure:9063: $? = 0
configure:9072: result: yes
configure:9088: : WARN_CFLAGS="$WARN_CFLAGS"
configure:9091: $? = 0
configure:9153: checking whether C++ compiler accepts -Werror=unknown-warning-option
configure:9172: g++ -c   -Werror=unknown-warning-option  conftest.cpp >&5
cc1plus: error: -Werror=unknown-warning-option: no option -Wunknown-warning-option
configure:9172: $? = 1
configure: failed program was:
| /* confdefs.h */
| #define PACKAGE_NAME "opengl2"
| #define PACKAGE_TARNAME "opengl2"
| #define PACKAGE_VERSION "0.1.0"
| #define PACKAGE_STRING "opengl2 0.1.0"
| #define PACKAGE_BUGREPORT "https://bugzilla.gnome.org/enter_bug.cgi?product=opengl2"
| #define PACKAGE_URL ""
| #define PACKAGE "opengl2"
| #define VERSION "0.1.0"
| #define NDEBUG /**/
| #define GETTEXT_PACKAGE "opengl2"
| #define ENABLE_NLS 1
| #define HAVE_GETTEXT 1
| #define HAVE_DCGETTEXT 1
| /* end confdefs.h.  */
| 
| int
| main ()
| {
| 
|   ;
|   return 0;
| }
configure:9180: result: no
configure:9200: checking whether C++ compiler accepts -fno-strict-aliasing
configure:9219: g++ -c   -fno-strict-aliasing  conftest.cpp >&5
configure:9219: $? = 0
configure:9228: result: yes
configure:9255: : WARN_CXXFLAGS="$WARN_CXXFLAGS"
configure:9258: $? = 0
configure:9279: checking whether C++ compiler accepts -Wall
configure:9298: g++ -c   -Wall  conftest.cpp >&5
configure:9298: $? = 0
configure:9307: result: yes
configure:9323: : WARN_CXXFLAGS="$WARN_CXXFLAGS"
configure:9326: $? = 0
configure:9279: checking whether C++ compiler accepts -Wextra
configure:9298: g++ -c   -Wextra  conftest.cpp >&5
configure:9298: $? = 0
configure:9307: result: yes
configure:9323: : WARN_CXXFLAGS="$WARN_CXXFLAGS"
configure:9326: $? = 0
configure:9279: checking whether C++ compiler accepts -Wundef
configure:9298: g++ -c   -Wundef  conftest.cpp >&5
configure:9298: $? = 0
configure:9307: result: yes
configure:9323: : WARN_CXXFLAGS="$WARN_CXXFLAGS"
configure:9326: $? = 0
configure:9279: checking whether C++ compiler accepts -Wwrite-strings
configure:9298: g++ -c   -Wwrite-strings  conftest.cpp >&5
configure:9298: $? = 0
configure:9307: result: yes
configure:9323: : WARN_CXXFLAGS="$WARN_CXXFLAGS"
configure:9326: $? = 0
configure:9279: checking whether C++ compiler accepts -Wpointer-arith
configure:9298: g++ -c   -Wpointer-arith  conftest.cpp >&5
configure:9298: $? = 0
configure:9307: result: yes
configure:9323: : WARN_CXXFLAGS="$WARN_CXXFLAGS"
configure:9326: $? = 0
configure:9279: checking whether C++ compiler accepts -Wmissing-declarations
configure:9298: g++ -c   -Wmissing-declarations  conftest.cpp >&5
configure:9298: $? = 0
configure:9307: result: yes
configure:9323: : WARN_CXXFLAGS="$WARN_CXXFLAGS"
configure:9326: $? = 0
configure:9279: checking whether C++ compiler accepts -Wredundant-decls
configure:9298: g++ -c   -Wredundant-decls  conftest.cpp >&5
configure:9298: $? = 0
configure:9307: result: yes
configure:9323: : WARN_CXXFLAGS="$WARN_CXXFLAGS"
configure:9326: $? = 0
configure:9279: checking whether C++ compiler accepts -Wno-unused-parameter
configure:9298: g++ -c   -Wno-unused-parameter  conftest.cpp >&5
configure:9298: $? = 0
configure:9307: result: yes
configure:9323: : WARN_CXXFLAGS="$WARN_CXXFLAGS"
configure:9326: $? = 0
configure:9279: checking whether C++ compiler accepts -Wno-missing-field-initializers
configure:9298: g++ -c   -Wno-missing-field-initializers  conftest.cpp >&5
configure:9298: $? = 0
configure:9307: result: yes
configure:9323: : WARN_CXXFLAGS="$WARN_CXXFLAGS"
configure:9326: $? = 0
configure:9279: checking whether C++ compiler accepts -Wformat=2
configure:9298: g++ -c   -Wformat=2  conftest.cpp >&5
configure:9298: $? = 0
configure:9307: result: yes
configure:9323: : WARN_CXXFLAGS="$WARN_CXXFLAGS"
configure:9326: $? = 0
configure:9279: checking whether C++ compiler accepts -Wcast-align
configure:9298: g++ -c   -Wcast-align  conftest.cpp >&5
configure:9298: $? = 0
configure:9307: result: yes
configure:9323: : WARN_CXXFLAGS="$WARN_CXXFLAGS"
configure:9326: $? = 0
configure:9279: checking whether C++ compiler accepts -Wformat-nonliteral
configure:9298: g++ -c   -Wformat-nonliteral  conftest.cpp >&5
cc1plus: warning: -Wformat-nonliteral ignored without -Wformat [-Wformat-nonliteral]
configure:9298: $? = 0
configure:9307: result: yes
configure:9323: : WARN_CXXFLAGS="$WARN_CXXFLAGS"
configure:9326: $? = 0
configure:9279: checking whether C++ compiler accepts -Wformat-security
configure:9298: g++ -c   -Wformat-security  conftest.cpp >&5
cc1plus: warning: -Wformat-security ignored without -Wformat [-Wformat-security]
configure:9298: $? = 0
configure:9307: result: yes
configure:9323: : WARN_CXXFLAGS="$WARN_CXXFLAGS"
configure:9326: $? = 0
configure:9279: checking whether C++ compiler accepts -Wsign-compare
configure:9298: g++ -c   -Wsign-compare  conftest.cpp >&5
configure:9298: $? = 0
configure:9307: result: yes
configure:9323: : WARN_CXXFLAGS="$WARN_CXXFLAGS"
configure:9326: $? = 0
configure:9279: checking whether C++ compiler accepts -Wstrict-aliasing
configure:9298: g++ -c   -Wstrict-aliasing  conftest.cpp >&5
configure:9298: $? = 0
configure:9307: result: yes
configure:9323: : WARN_CXXFLAGS="$WARN_CXXFLAGS"
configure:9326: $? = 0
configure:9279: checking whether C++ compiler accepts -Wshadow
configure:9298: g++ -c   -Wshadow  conftest.cpp >&5
configure:9298: $? = 0
configure:9307: result: yes
configure:9323: : WARN_CXXFLAGS="$WARN_CXXFLAGS"
configure:9326: $? = 0
configure:9279: checking whether C++ compiler accepts -Winline
configure:9298: g++ -c   -Winline  conftest.cpp >&5
configure:9298: $? = 0
configure:9307: result: yes
configure:9323: : WARN_CXXFLAGS="$WARN_CXXFLAGS"
configure:9326: $? = 0
configure:9279: checking whether C++ compiler accepts -Wpacked
configure:9298: g++ -c   -Wpacked  conftest.cpp >&5
configure:9298: $? = 0
configure:9307: result: yes
configure:9323: : WARN_CXXFLAGS="$WARN_CXXFLAGS"
configure:9326: $? = 0
configure:9279: checking whether C++ compiler accepts -Wmissing-format-attribute
configure:9298: g++ -c   -Wmissing-format-attribute  conftest.cpp >&5
configure:9298: $? = 0
configure:9307: result: yes
configure:9323: : WARN_CXXFLAGS="$WARN_CXXFLAGS"
configure:9326: $? = 0
configure:9279: checking whether C++ compiler accepts -Wmissing-noreturn
configure:9298: g++ -c   -Wmissing-noreturn  conftest.cpp >&5
configure:9298: $? = 0
configure:9307: result: yes
configure:9323: : WARN_CXXFLAGS="$WARN_CXXFLAGS"
configure:9326: $? = 0
configure:9279: checking whether C++ compiler accepts -Winit-self
configure:9298: g++ -c   -Winit-self  conftest.cpp >&5
configure:9298: $? = 0
configure:9307: result: yes
configure:9323: : WARN_CXXFLAGS="$WARN_CXXFLAGS"
configure:9326: $? = 0
configure:9279: checking whether C++ compiler accepts -Wredundant-decls
configure:9307: result: yes
configure:9315: : WARN_CXXFLAGS already contains $flag
configure:9318: $? = 0
configure:9279: checking whether C++ compiler accepts -Wmissing-include-dirs
configure:9298: g++ -c   -Wmissing-include-dirs  conftest.cpp >&5
configure:9298: $? = 0
configure:9307: result: yes
configure:9323: : WARN_CXXFLAGS="$WARN_CXXFLAGS"
configure:9326: $? = 0
configure:9279: checking whether C++ compiler accepts -Wunused-but-set-variable
configure:9298: g++ -c   -Wunused-but-set-variable  conftest.cpp >&5
configure:9298: $? = 0
configure:9307: result: yes
configure:9323: : WARN_CXXFLAGS="$WARN_CXXFLAGS"
configure:9326: $? = 0
configure:9279: checking whether C++ compiler accepts -Warray-bounds
configure:9298: g++ -c   -Warray-bounds  conftest.cpp >&5
configure:9298: $? = 0
configure:9307: result: yes
configure:9323: : WARN_CXXFLAGS="$WARN_CXXFLAGS"
configure:9326: $? = 0
configure:9279: checking whether C++ compiler accepts -Wreturn-type
configure:9298: g++ -c   -Wreturn-type  conftest.cpp >&5
configure:9298: $? = 0
configure:9307: result: yes
configure:9323: : WARN_CXXFLAGS="$WARN_CXXFLAGS"
configure:9326: $? = 0
configure:9279: checking whether C++ compiler accepts -Wno-overloaded-virtual
configure:9298: g++ -c   -Wno-overloaded-virtual  conftest.cpp >&5
configure:9298: $? = 0
configure:9307: result: yes
configure:9323: : WARN_CXXFLAGS="$WARN_CXXFLAGS"
configure:9326: $? = 0
configure:9279: checking whether C++ compiler accepts -Wswitch-enum
configure:9298: g++ -c   -Wswitch-enum  conftest.cpp >&5
configure:9298: $? = 0
configure:9307: result: yes
configure:9323: : WARN_CXXFLAGS="$WARN_CXXFLAGS"
configure:9326: $? = 0
configure:9279: checking whether C++ compiler accepts -Wswitch-default
configure:9298: g++ -c   -Wswitch-default  conftest.cpp >&5
configure:9298: $? = 0
configure:9307: result: yes
configure:9323: : WARN_CXXFLAGS="$WARN_CXXFLAGS"
configure:9326: $? = 0
configure:9370: : WARN_CXXFLAGS="$WARN_CXXFLAGS"
configure:9373: $? = 0
configure:9396: checking whether C++ compiler accepts -Wno-suggest-attribute=format
configure:9415: g++ -c   -Wno-suggest-attribute=format  conftest.cpp >&5
configure:9415: $? = 0
configure:9424: result: yes
configure:9440: : WARN_CXXFLAGS="$WARN_CXXFLAGS"
configure:9443: $? = 0
configure:9484: checking whether C++ compiler accepts -Wno-error=unused-parameter
configure:9503: g++ -c   -Wno-error=unused-parameter  conftest.cpp >&5
configure:9503: $? = 0
configure:9512: result: yes
configure:9528: : WARN_CXXFLAGS="$WARN_CXXFLAGS"
configure:9531: $? = 0
configure:9484: checking whether C++ compiler accepts -Wno-error=missing-field-initializers
configure:9503: g++ -c   -Wno-error=missing-field-initializers  conftest.cpp >&5
configure:9503: $? = 0
configure:9512: result: yes
configure:9528: : WARN_CXXFLAGS="$WARN_CXXFLAGS"
configure:9531: $? = 0
configure:9484: checking whether C++ compiler accepts -Wno-error=overloaded-virtual
configure:9503: g++ -c   -Wno-error=overloaded-virtual  conftest.cpp >&5
configure:9503: $? = 0
configure:9512: result: yes
configure:9528: : WARN_CXXFLAGS="$WARN_CXXFLAGS"
configure:9531: $? = 0
configure:9587: checking whether C compiler accepts -Werror=unknown-warning-option
configure:9614: result: no
configure:9628: checking whether the linker accepts -Wl,--no-as-needed
configure:9647: gcc -o conftest     -Wl,--no-as-needed conftest.c  >&5
configure:9647: $? = 0
configure:9656: result: yes
configure:9671: checking whether the linker accepts -Wl,--fatal-warnings
configure:9690: gcc -o conftest     -Wl,--fatal-warnings conftest.c  >&5
configure:9690: $? = 0
configure:9699: result: yes
configure:9709: checking whether the linker accepts -Wl,-fatal_warnings
configure:9728: gcc -o conftest     -Wl,-fatal_warnings conftest.c  >&5
/usr/bin/ld: -f may not be used without -shared
collect2: error: ld returned 1 exit status
configure:9728: $? = 1
configure: failed program was:
| /* confdefs.h */
| #define PACKAGE_NAME "opengl2"
| #define PACKAGE_TARNAME "opengl2"
| #define PACKAGE_VERSION "0.1.0"
| #define PACKAGE_STRING "opengl2 0.1.0"
| #define PACKAGE_BUGREPORT "https://bugzilla.gnome.org/enter_bug.cgi?product=opengl2"
| #define PACKAGE_URL ""
| #define PACKAGE "opengl2"
| #define VERSION "0.1.0"
| #define NDEBUG /**/
| #define GETTEXT_PACKAGE "opengl2"
| #define ENABLE_NLS 1
| #define HAVE_GETTEXT 1
| #define HAVE_DCGETTEXT 1
| /* end confdefs.h.  */
| 
| int
| main ()
| {
| 
|   ;
|   return 0;
| }
configure:9737: result: no
configure:9755: checking whether the linker accepts -Wl,--no-as-needed
configure:9774: gcc -o conftest     -Wl,--no-as-needed conftest.c  >&5
configure:9774: $? = 0
configure:9784: result: yes
configure:9811: : WARN_LDFLAGS="$WARN_LDFLAGS"
configure:9814: $? = 0
configure:9920: checking whether the linker accepts -Wl,--fatal-warnings
configure:9939: gcc -o conftest     -Wl,--fatal-warnings conftest.c  >&5
configure:9939: $? = 0
configure:9949: result: yes
configure:9965: : WARN_LDFLAGS="$WARN_LDFLAGS"
configure:9968: $? = 0
configure:10028: : WARN_SCANNERFLAGS="$WARN_SCANNERFLAGS"
configure:10031: $? = 0
configure:10053: : WARN_SCANNERFLAGS="$WARN_SCANNERFLAGS"
configure:10056: $? = 0
configure:10090: : WARN_SCANNERFLAGS="$WARN_SCANNERFLAGS"
configure:10093: $? = 0
configure:10118: checking whether C compiler accepts -std=gnu11
configure:10137: gcc -c   -std=gnu11  conftest.c >&5
configure:10137: $? = 0
configure:10145: result: yes
configure:10163: checking whether g++ supports C++11 features by default
configure:10223: g++ -c   conftest.cpp >&5
configure:10223: $? = 0
configure:10230: result: yes
configure:10351: checking for OPENGL2
configure:10358: $PKG_CONFIG --exists --print-errors "gio-2.0 >= 2.50"
configure:10361: $? = 0
configure:10375: $PKG_CONFIG --exists --print-errors "gio-2.0 >= 2.50"
configure:10378: $? = 0
configure:10436: result: yes
configure:10489: checking how to print strings
configure:10516: result: printf
configure:10537: checking for a sed that does not truncate output
configure:10601: result: /bin/sed
configure:10619: checking for fgrep
configure:10681: result: /bin/grep -F
configure:10716: checking for ld used by gcc
configure:10783: result: /usr/bin/ld
configure:10790: checking if the linker (/usr/bin/ld) is GNU ld
configure:10805: result: yes
configure:10817: checking for BSD- or MS-compatible name lister (nm)
configure:10871: result: /usr/bin/nm -B
configure:11001: checking the name lister (/usr/bin/nm -B) interface
configure:11008: gcc -c  -std=gnu11  conftest.c >&5
configure:11011: /usr/bin/nm -B "conftest.o"
configure:11014: output
0000000000000000 B some_variable
configure:11021: result: BSD nm
configure:11024: checking whether ln -s works
configure:11028: result: yes
configure:11036: checking the maximum length of command line arguments
configure:11167: result: 1572864
configure:11215: checking how to convert x86_64-pc-linux-gnu file names to x86_64-pc-linux-gnu format
configure:11255: result: func_convert_file_noop
configure:11262: checking how to convert x86_64-pc-linux-gnu file names to toolchain format
configure:11282: result: func_convert_file_noop
configure:11289: checking for /usr/bin/ld option to reload object files
configure:11296: result: -r
configure:11370: checking for objdump
configure:11386: found /usr/bin/objdump
configure:11397: result: objdump
configure:11429: checking how to recognize dependent libraries
configure:11629: result: pass_all
configure:11714: checking for dlltool
configure:11744: result: no
configure:11774: checking how to associate runtime and link libraries
configure:11801: result: printf %s\n
configure:11861: checking for ar
configure:11877: found /usr/bin/ar
configure:11888: result: ar
configure:11925: checking for archiver @FILE support
configure:11942: gcc -c  -std=gnu11  conftest.c >&5
configure:11942: $? = 0
configure:11945: ar cru libconftest.a @conftest.lst >&5
ar: `u' modifier ignored since `D' is the default (see `U')
configure:11948: $? = 0
configure:11953: ar cru libconftest.a @conftest.lst >&5
ar: `u' modifier ignored since `D' is the default (see `U')
ar: conftest.o: No such file or directory
configure:11956: $? = 1
configure:11968: result: @
configure:12026: checking for strip
configure:12042: found /usr/bin/strip
configure:12053: result: strip
configure:12125: checking for ranlib
configure:12141: found /usr/bin/ranlib
configure:12152: result: ranlib
configure:12254: checking command to parse /usr/bin/nm -B output from gcc object
configure:12407: gcc -c  -std=gnu11  conftest.c >&5
configure:12410: $? = 0
configure:12414: /usr/bin/nm -B conftest.o \| sed -n -e 's/^.*[ ]\([ABCDGIRSTW][ABCDGIRSTW]*\)[ ][ ]*\([_A-Za-z][_A-Za-z0-9]*\)$/\1 \2 \2/p' | sed '/ __gnu_lto/d' \> conftest.nm
configure:12417: $? = 0
configure:12483: gcc -o conftest  -std=gnu11   conftest.c conftstm.o >&5
configure:12486: $? = 0
configure:12524: result: ok
configure:12571: checking for sysroot
configure:12601: result: no
configure:12608: checking for a working dd
configure:12646: result: /bin/dd
configure:12650: checking how to truncate binary pipes
configure:12665: result: /bin/dd bs=4096 count=1
configure:12801: gcc -c  -std=gnu11  conftest.c >&5
configure:12804: $? = 0
configure:12994: checking for mt
configure:13010: found /bin/mt
configure:13021: result: mt
configure:13044: checking if mt is a manifest tool
configure:13050: mt '-?'
configure:13058: result: no
configure:13730: checking for ANSI C header files
configure:13750: gcc -c  -std=gnu11  conftest.c >&5
configure:13750: $? = 0
configure:13823: gcc -o conftest  -std=gnu11   conftest.c  >&5
configure:13823: $? = 0
configure:13823: ./conftest
configure:13823: $? = 0
configure:13834: result: yes
configure:13847: checking for sys/types.h
configure:13847: gcc -c  -std=gnu11  conftest.c >&5
configure:13847: $? = 0
configure:13847: result: yes
configure:13847: checking for sys/stat.h
configure:13847: gcc -c  -std=gnu11  conftest.c >&5
configure:13847: $? = 0
configure:13847: result: yes
configure:13847: checking for stdlib.h
configure:13847: gcc -c  -std=gnu11  conftest.c >&5
configure:13847: $? = 0
configure:13847: result: yes
configure:13847: checking for string.h
configure:13847: gcc -c  -std=gnu11  conftest.c >&5
configure:13847: $? = 0
configure:13847: result: yes
configure:13847: checking for memory.h
configure:13847: gcc -c  -std=gnu11  conftest.c >&5
configure:13847: $? = 0
configure:13847: result: yes
configure:13847: checking for strings.h
configure:13847: gcc -c  -std=gnu11  conftest.c >&5
configure:13847: $? = 0
configure:13847: result: yes
configure:13847: checking for inttypes.h
configure:13847: gcc -c  -std=gnu11  conftest.c >&5
configure:13847: $? = 0
configure:13847: result: yes
configure:13847: checking for stdint.h
configure:13847: gcc -c  -std=gnu11  conftest.c >&5
configure:13847: $? = 0
configure:13847: result: yes
configure:13847: checking for unistd.h
configure:13847: gcc -c  -std=gnu11  conftest.c >&5
configure:13847: $? = 0
configure:13847: result: yes
configure:13861: checking for dlfcn.h
configure:13861: gcc -c  -std=gnu11  conftest.c >&5
configure:13861: $? = 0
configure:13861: result: yes
configure:14127: checking for objdir
configure:14142: result: .libs
configure:14406: checking if gcc supports -fno-rtti -fno-exceptions
configure:14424: gcc -c  -std=gnu11  -fno-rtti -fno-exceptions conftest.c >&5
cc1: warning: command line option '-fno-rtti' is valid for C++/ObjC++ but not for C
configure:14428: $? = 0
configure:14441: result: no
configure:14799: checking for gcc option to produce PIC
configure:14806: result: -fPIC -DPIC
configure:14814: checking if gcc PIC flag -fPIC -DPIC works
configure:14832: gcc -c  -std=gnu11  -fPIC -DPIC -DPIC conftest.c >&5
configure:14836: $? = 0
configure:14849: result: yes
configure:14878: checking if gcc static flag -static works
configure:14906: result: yes
configure:14921: checking if gcc supports -c -o file.o
configure:14942: gcc -c  -std=gnu11  -o out/conftest2.o conftest.c >&5
configure:14946: $? = 0
configure:14968: result: yes
configure:14976: checking if gcc supports -c -o file.o
configure:15023: result: yes
configure:15056: checking whether the gcc linker (/usr/bin/ld -m elf_x86_64) supports shared libraries
configure:16319: result: yes
configure:16356: checking whether -lc should be explicitly linked in
configure:16364: gcc -c  -std=gnu11  conftest.c >&5
configure:16367: $? = 0
configure:16382: gcc -shared  -fPIC -DPIC conftest.o  -v -Wl,-soname -Wl,conftest -o conftest 2\>\&1 \| /bin/grep  -lc  \>/dev/null 2\>\&1
configure:16385: $? = 0
configure:16399: result: no
configure:16559: checking dynamic linker characteristics
configure:17140: gcc -o conftest  -std=gnu11   -Wl,-rpath -Wl,/foo conftest.c  >&5
configure:17140: $? = 0
configure:17389: result: GNU/Linux ld.so
configure:17511: checking how to hardcode library paths into programs
configure:17536: result: immediate
configure:18084: checking whether stripping libraries is possible
configure:18089: result: yes
configure:18124: checking if libtool supports shared libraries
configure:18126: result: yes
configure:18129: checking whether to build shared libraries
configure:18154: result: yes
configure:18157: checking whether to build static libraries
configure:18161: result: yes
configure:18184: checking how to run the C++ preprocessor
configure:18211: g++ -E  conftest.cpp
configure:18211: $? = 0
configure:18225: g++ -E  conftest.cpp
conftest.cpp:28:10: fatal error: ac_nonexistent.h: No such file or directory
 #include <ac_nonexistent.h>
          ^~~~~~~~~~~~~~~~~~
compilation terminated.
configure:18225: $? = 1
configure: failed program was:
| /* confdefs.h */
| #define PACKAGE_NAME "opengl2"
| #define PACKAGE_TARNAME "opengl2"
| #define PACKAGE_VERSION "0.1.0"
| #define PACKAGE_STRING "opengl2 0.1.0"
| #define PACKAGE_BUGREPORT "https://bugzilla.gnome.org/enter_bug.cgi?product=opengl2"
| #define PACKAGE_URL ""
| #define PACKAGE "opengl2"
| #define VERSION "0.1.0"
| #define NDEBUG /**/
| #define GETTEXT_PACKAGE "opengl2"
| #define ENABLE_NLS 1
| #define HAVE_GETTEXT 1
| #define HAVE_DCGETTEXT 1
| #define STDC_HEADERS 1
| #define HAVE_SYS_TYPES_H 1
| #define HAVE_SYS_STAT_H 1
| #define HAVE_STDLIB_H 1
| #define HAVE_STRING_H 1
| #define HAVE_MEMORY_H 1
| #define HAVE_STRINGS_H 1
| #define HAVE_INTTYPES_H 1
| #define HAVE_STDINT_H 1
| #define HAVE_UNISTD_H 1
| #define HAVE_DLFCN_H 1
| #define LT_OBJDIR ".libs/"
| /* end confdefs.h.  */
| #include <ac_nonexistent.h>
configure:18250: result: g++ -E
configure:18270: g++ -E  conftest.cpp
configure:18270: $? = 0
configure:18284: g++ -E  conftest.cpp
conftest.cpp:28:10: fatal error: ac_nonexistent.h: No such file or directory
 #include <ac_nonexistent.h>
          ^~~~~~~~~~~~~~~~~~
compilation terminated.
configure:18284: $? = 1
configure: failed program was:
| /* confdefs.h */
| #define PACKAGE_NAME "opengl2"
| #define PACKAGE_TARNAME "opengl2"
| #define PACKAGE_VERSION "0.1.0"
| #define PACKAGE_STRING "opengl2 0.1.0"
| #define PACKAGE_BUGREPORT "https://bugzilla.gnome.org/enter_bug.cgi?product=opengl2"
| #define PACKAGE_URL ""
| #define PACKAGE "opengl2"
| #define VERSION "0.1.0"
| #define NDEBUG /**/
| #define GETTEXT_PACKAGE "opengl2"
| #define ENABLE_NLS 1
| #define HAVE_GETTEXT 1
| #define HAVE_DCGETTEXT 1
| #define STDC_HEADERS 1
| #define HAVE_SYS_TYPES_H 1
| #define HAVE_SYS_STAT_H 1
| #define HAVE_STDLIB_H 1
| #define HAVE_STRING_H 1
| #define HAVE_MEMORY_H 1
| #define HAVE_STRINGS_H 1
| #define HAVE_INTTYPES_H 1
| #define HAVE_STDINT_H 1
| #define HAVE_UNISTD_H 1
| #define HAVE_DLFCN_H 1
| #define LT_OBJDIR ".libs/"
| /* end confdefs.h.  */
| #include <ac_nonexistent.h>
configure:18446: checking for ld used by g++
configure:18513: result: /usr/bin/ld -m elf_x86_64
configure:18520: checking if the linker (/usr/bin/ld -m elf_x86_64) is GNU ld
configure:18535: result: yes
configure:18590: checking whether the g++ linker (/usr/bin/ld -m elf_x86_64) supports shared libraries
configure:19663: result: yes
configure:19699: g++ -c   conftest.cpp >&5
configure:19702: $? = 0
configure:20183: checking for g++ option to produce PIC
configure:20190: result: -fPIC -DPIC
configure:20198: checking if g++ PIC flag -fPIC -DPIC works
configure:20216: g++ -c   -fPIC -DPIC -DPIC conftest.cpp >&5
configure:20220: $? = 0
configure:20233: result: yes
configure:20256: checking if g++ static flag -static works
configure:20284: result: yes
configure:20296: checking if g++ supports -c -o file.o
configure:20317: g++ -c   -o out/conftest2.o conftest.cpp >&5
configure:20321: $? = 0
configure:20343: result: yes
configure:20348: checking if g++ supports -c -o file.o
configure:20395: result: yes
configure:20425: checking whether the g++ linker (/usr/bin/ld -m elf_x86_64) supports shared libraries
configure:20468: result: yes
configure:20609: checking dynamic linker characteristics
configure:21366: result: GNU/Linux ld.so
configure:21431: checking how to hardcode library paths into programs
configure:21456: result: immediate
configure:21630: checking that generated files are newer than configure
configure:21636: result: done
configure:21675: creating ./config.status

## ---------------------- ##
## Running config.status. ##
## ---------------------- ##

This file was extended by opengl2 config.status 0.1.0, which was
generated by GNU Autoconf 2.69.  Invocation command line was

  CONFIG_FILES    = 
  CONFIG_HEADERS  = 
  CONFIG_LINKS    = 
  CONFIG_COMMANDS = 
  $ ./config.status 

on debian

config.status:1299: creating Makefile
config.status:1299: creating src/Makefile
config.status:1299: creating data/Makefile
config.status:1299: creating po/Makefile.in
config.status:1299: creating config.h
config.status:1480: config.h is unchanged
config.status:1528: executing po-directories commands
config.status:1528: executing depfiles commands
config.status:1528: executing libtool commands

## ---------------- ##
## Cache variables. ##
## ---------------- ##

ac_cv_build=x86_64-pc-linux-gnu
ac_cv_c_compiler_gnu=yes
ac_cv_cxx_compiler_gnu=yes
ac_cv_env_CCC_set=
ac_cv_env_CCC_value=
ac_cv_env_CC_set=
ac_cv_env_CC_value=
ac_cv_env_CFLAGS_set=
ac_cv_env_CFLAGS_value=
ac_cv_env_CPPFLAGS_set=
ac_cv_env_CPPFLAGS_value=
ac_cv_env_CPP_set=
ac_cv_env_CPP_value=
ac_cv_env_CXXCPP_set=
ac_cv_env_CXXCPP_value=
ac_cv_env_CXXFLAGS_set=
ac_cv_env_CXXFLAGS_value=
ac_cv_env_CXX_set=
ac_cv_env_CXX_value=
ac_cv_env_LDFLAGS_set=
ac_cv_env_LDFLAGS_value=
ac_cv_env_LIBS_set=
ac_cv_env_LIBS_value=
ac_cv_env_LT_SYS_LIBRARY_PATH_set=
ac_cv_env_LT_SYS_LIBRARY_PATH_value=
ac_cv_env_OPENGL2_CFLAGS_set=
ac_cv_env_OPENGL2_CFLAGS_value=
ac_cv_env_OPENGL2_LIBS_set=
ac_cv_env_OPENGL2_LIBS_value=
ac_cv_env_PKG_CONFIG_LIBDIR_set=
ac_cv_env_PKG_CONFIG_LIBDIR_value=
ac_cv_env_PKG_CONFIG_PATH_set=
ac_cv_env_PKG_CONFIG_PATH_value=
ac_cv_env_PKG_CONFIG_set=
ac_cv_env_PKG_CONFIG_value=
ac_cv_env_build_alias_set=
ac_cv_env_build_alias_value=
ac_cv_env_host_alias_set=
ac_cv_env_host_alias_value=
ac_cv_env_target_alias_set=
ac_cv_env_target_alias_value=
ac_cv_header_dlfcn_h=yes
ac_cv_header_inttypes_h=yes
ac_cv_header_memory_h=yes
ac_cv_header_stdc=yes
ac_cv_header_stdint_h=yes
ac_cv_header_stdlib_h=yes
ac_cv_header_string_h=yes
ac_cv_header_strings_h=yes
ac_cv_header_sys_stat_h=yes
ac_cv_header_sys_types_h=yes
ac_cv_header_unistd_h=yes
ac_cv_host=x86_64-pc-linux-gnu
ac_cv_objext=o
ac_cv_path_EGREP='/bin/grep -E'
ac_cv_path_FGREP='/bin/grep -F'
ac_cv_path_GIT=/usr/bin/git
ac_cv_path_GLIB_COMPILE_RESOURCES=/usr/bin/glib-compile-resources
ac_cv_path_GLIB_GENMARSHAL=/usr/bin/glib-genmarshal
ac_cv_path_GLIB_MKENUMS=/usr/bin/glib-mkenums
ac_cv_path_GMSGFMT=/usr/bin/msgfmt
ac_cv_path_GREP=/bin/grep
ac_cv_path_MSGFMT=/usr/bin/msgfmt
ac_cv_path_MSGMERGE=/usr/bin/msgmerge
ac_cv_path_SED=/bin/sed
ac_cv_path_XGETTEXT=/usr/bin/xgettext
ac_cv_path_ac_pt_PKG_CONFIG=/usr/bin/pkg-config
ac_cv_path_install='/usr/bin/install -c'
ac_cv_path_lt_DD=/bin/dd
ac_cv_path_mkdir=/bin/mkdir
ac_cv_prog_AWK=gawk
ac_cv_prog_CPP='gcc -E'
ac_cv_prog_CXXCPP='g++ -E'
ac_cv_prog_ac_ct_AR=ar
ac_cv_prog_ac_ct_CC=gcc
ac_cv_prog_ac_ct_CXX=g++
ac_cv_prog_ac_ct_MANIFEST_TOOL=mt
ac_cv_prog_ac_ct_OBJDUMP=objdump
ac_cv_prog_ac_ct_RANLIB=ranlib
ac_cv_prog_ac_ct_STRIP=strip
ac_cv_prog_cc_c89=
ac_cv_prog_cc_g=yes
ac_cv_prog_cxx_g=yes
ac_cv_prog_make_make_set=yes
acl_cv_hardcode_direct=no
acl_cv_hardcode_libdir_flag_spec='${wl}-rpath ${wl}$libdir'
acl_cv_hardcode_libdir_separator=
acl_cv_hardcode_minus_L=no
acl_cv_libext=a
acl_cv_libname_spec='lib$name'
acl_cv_library_names_spec='$libname$shrext'
acl_cv_path_LD=/usr/bin/ld
acl_cv_prog_gnu_ld=yes
acl_cv_rpath=done
acl_cv_shlibext=so
acl_cv_wl=-Wl,
am_cv_CC_dependencies_compiler_type=gcc3
am_cv_CXX_dependencies_compiler_type=gcc3
am_cv_make_support_nested_variables=yes
am_cv_prog_cc_c_o=yes
am_cv_prog_tar_ustar=gnutar
ax_cv_check_cflags__Wall=yes
ax_cv_check_cflags__Warray_bounds=yes
ax_cv_check_cflags__Wcast_align=yes
ax_cv_check_cflags__Wdeclaration_after_statement=yes
ax_cv_check_cflags__Wextra=yes
ax_cv_check_cflags__Wformat_2=yes
ax_cv_check_cflags__Wformat_nonliteral=yes
ax_cv_check_cflags__Wformat_security=yes
ax_cv_check_cflags__Wimplicit_function_declaration=yes
ax_cv_check_cflags__Winit_self=yes
ax_cv_check_cflags__Winline=yes
ax_cv_check_cflags__Wmissing_declarations=yes
ax_cv_check_cflags__Wmissing_format_attribute=yes
ax_cv_check_cflags__Wmissing_include_dirs=yes
ax_cv_check_cflags__Wmissing_noreturn=yes
ax_cv_check_cflags__Wmissing_prototypes=yes
ax_cv_check_cflags__Wnested_externs=yes
ax_cv_check_cflags__Wno_error_missing_field_initializers=yes
ax_cv_check_cflags__Wno_error_unused_parameter=yes
ax_cv_check_cflags__Wno_missing_field_initializers=yes
ax_cv_check_cflags__Wno_suggest_attribute_format=yes
ax_cv_check_cflags__Wno_unused_parameter=yes
ax_cv_check_cflags__Wold_style_definition=yes
ax_cv_check_cflags__Wpacked=yes
ax_cv_check_cflags__Wpointer_arith=yes
ax_cv_check_cflags__Wredundant_decls=yes
ax_cv_check_cflags__Wreturn_type=yes
ax_cv_check_cflags__Wshadow=yes
ax_cv_check_cflags__Wsign_compare=yes
ax_cv_check_cflags__Wstrict_aliasing=yes
ax_cv_check_cflags__Wstrict_prototypes=yes
ax_cv_check_cflags__Wswitch_default=yes
ax_cv_check_cflags__Wswitch_enum=yes
ax_cv_check_cflags__Wundef=yes
ax_cv_check_cflags__Wunused_but_set_variable=yes
ax_cv_check_cflags__Wwrite_strings=yes
ax_cv_check_cflags___Werror_unknown_warning_option=no
ax_cv_check_cflags___Wno_suggest_attribute_format=yes
ax_cv_check_cflags___std_gnu11=yes
ax_cv_check_cflags__fno_strict_aliasing=yes
ax_cv_check_cxxflags__Wall=yes
ax_cv_check_cxxflags__Warray_bounds=yes
ax_cv_check_cxxflags__Wcast_align=yes
ax_cv_check_cxxflags__Wextra=yes
ax_cv_check_cxxflags__Wformat_2=yes
ax_cv_check_cxxflags__Wformat_nonliteral=yes
ax_cv_check_cxxflags__Wformat_security=yes
ax_cv_check_cxxflags__Winit_self=yes
ax_cv_check_cxxflags__Winline=yes
ax_cv_check_cxxflags__Wmissing_declarations=yes
ax_cv_check_cxxflags__Wmissing_format_attribute=yes
ax_cv_check_cxxflags__Wmissing_include_dirs=yes
ax_cv_check_cxxflags__Wmissing_noreturn=yes
ax_cv_check_cxxflags__Wno_error_missing_field_initializers=yes
ax_cv_check_cxxflags__Wno_error_overloaded_virtual=yes
ax_cv_check_cxxflags__Wno_error_unused_parameter=yes
ax_cv_check_cxxflags__Wno_missing_field_initializers=yes
ax_cv_check_cxxflags__Wno_overloaded_virtual=yes
ax_cv_check_cxxflags__Wno_suggest_attribute_format=yes
ax_cv_check_cxxflags__Wno_unused_parameter=yes
ax_cv_check_cxxflags__Wpacked=yes
ax_cv_check_cxxflags__Wpointer_arith=yes
ax_cv_check_cxxflags__Wredundant_decls=yes
ax_cv_check_cxxflags__Wreturn_type=yes
ax_cv_check_cxxflags__Wshadow=yes
ax_cv_check_cxxflags__Wsign_compare=yes
ax_cv_check_cxxflags__Wstrict_aliasing=yes
ax_cv_check_cxxflags__Wswitch_default=yes
ax_cv_check_cxxflags__Wswitch_enum=yes
ax_cv_check_cxxflags__Wundef=yes
ax_cv_check_cxxflags__Wunused_but_set_variable=yes
ax_cv_check_cxxflags__Wwrite_strings=yes
ax_cv_check_cxxflags___Werror_unknown_warning_option=no
ax_cv_check_cxxflags__fno_strict_aliasing=yes
ax_cv_check_ldflags__Wl___fatal_warnings=yes
ax_cv_check_ldflags__Wl___no_as_needed=yes
ax_cv_check_ldflags___Wl___fatal_warnings=yes
ax_cv_check_ldflags___Wl___no_as_needed=yes
ax_cv_check_ldflags___Wl__fatal_warnings=no
ax_cv_cxx_compile_cxx11=yes
gt_cv_func_CFLocaleCopyCurrent=no
gt_cv_func_CFPreferencesCopyAppValue=no
gt_cv_func_gnugettext1_libc=yes
lt_cv_ar_at_file=@
lt_cv_archive_cmds_need_lc=no
lt_cv_deplibs_check_method=pass_all
lt_cv_file_magic_cmd='$MAGIC_CMD'
lt_cv_file_magic_test_file=
lt_cv_ld_reload_flag=-r
lt_cv_nm_interface='BSD nm'
lt_cv_objdir=.libs
lt_cv_path_LD=/usr/bin/ld
lt_cv_path_LDCXX='/usr/bin/ld -m elf_x86_64'
lt_cv_path_NM='/usr/bin/nm -B'
lt_cv_path_mainfest_tool=no
lt_cv_prog_compiler_c_o=yes
lt_cv_prog_compiler_c_o_CXX=yes
lt_cv_prog_compiler_pic='-fPIC -DPIC'
lt_cv_prog_compiler_pic_CXX='-fPIC -DPIC'
lt_cv_prog_compiler_pic_works=yes
lt_cv_prog_compiler_pic_works_CXX=yes
lt_cv_prog_compiler_rtti_exceptions=no
lt_cv_prog_compiler_static_works=yes
lt_cv_prog_compiler_static_works_CXX=yes
lt_cv_prog_gnu_ld=yes
lt_cv_prog_gnu_ldcxx=yes
lt_cv_sharedlib_from_linklib_cmd='printf %s\n'
lt_cv_shlibpath_overrides_runpath=yes
lt_cv_sys_global_symbol_pipe='sed -n -e '\''s/^.*[	 ]\([ABCDGIRSTW][ABCDGIRSTW]*\)[	 ][	 ]*\([_A-Za-z][_A-Za-z0-9]*\)$/\1 \2 \2/p'\'' | sed '\''/ __gnu_lto/d'\'''
lt_cv_sys_global_symbol_to_c_name_address='sed -n -e '\''s/^: \(.*\) .*$/  {"\1", (void *) 0},/p'\'' -e '\''s/^[ABCDGIRSTW][ABCDGIRSTW]* .* \(.*\)$/  {"\1", (void *) \&\1},/p'\'''
lt_cv_sys_global_symbol_to_c_name_address_lib_prefix='sed -n -e '\''s/^: \(.*\) .*$/  {"\1", (void *) 0},/p'\'' -e '\''s/^[ABCDGIRSTW][ABCDGIRSTW]* .* \(lib.*\)$/  {"\1", (void *) \&\1},/p'\'' -e '\''s/^[ABCDGIRSTW][ABCDGIRSTW]* .* \(.*\)$/  {"lib\1", (void *) \&\1},/p'\'''
lt_cv_sys_global_symbol_to_cdecl='sed -n -e '\''s/^T .* \(.*\)$/extern int \1();/p'\'' -e '\''s/^[ABCDGIRSTW][ABCDGIRSTW]* .* \(.*\)$/extern char \1;/p'\'''
lt_cv_sys_global_symbol_to_import=
lt_cv_sys_max_cmd_len=1572864
lt_cv_to_host_file_cmd=func_convert_file_noop
lt_cv_to_tool_file_cmd=func_convert_file_noop
lt_cv_truncate_bin='/bin/dd bs=4096 count=1'
pkg_cv_OPENGL2_CFLAGS='-pthread -I/usr/include/glib-2.0 -I/usr/lib/x86_64-linux-gnu/glib-2.0/include'
pkg_cv_OPENGL2_LIBS='-lgio-2.0 -lgobject-2.0 -lglib-2.0'

## ----------------- ##
## Output variables. ##
## ----------------- ##














		$(CHANGELOG_GIT_FLAGS) $(CHANGELOG_GIT_RANGE) \
		$(INSTALL_DATA) $^ "$(DESTDIR)$(gsettingsschemadir)"; \
		--git-dir=$(CHANGELOG_GIT_DIR) --work-tree=$(top_srcdir) log \
		test -n "$(GSETTINGS_DISABLE_SCHEMAS_COMPILE)$(DESTDIR)" || $(GLIB_COMPILE_SCHEMAS) $(gsettingsschemadir); \
		test -z "$(gsettingsschemadir)" || $(MKDIR_P) "$(DESTDIR)$(gsettingsschemadir)"; \
		| fmt --split-only >.ChangeLog.tmp; \
	$(AM_V_GEN) $(GLIB_COMPILE_SCHEMAS) --strict --dry-run $(addprefix --schema-file=,$(gsettings__enum_file)) --schema-file=$< && mkdir -p $(@D) && touch $@
	$(AM_V_GEN) glib-mkenums --comments '\''<!-- @comment@ -->'\'' --fhead "<schemalist>" --vhead "  <@type@ id='\''$(gsettings_ENUM_NAMESPACE).@EnumName@'\''>" --vprod "    <value nick='\''@valuenick@'\'' value='\''@valuenum@'\''/>" --vtail "  </@type@>" --ftail "</schemalist>" $^ > $@.tmp && mv $@.tmp $@
	$(AM_V_GEN)if $(GIT) \
	@$(NORMAL_INSTALL)
	@$(NORMAL_UNINSTALL)
	@list='\''$(gsettings_SCHEMAS) $(gsettings__enum_file)'\''; test -n "$(gsettingsschemadir)" || list=; \
	cd "$(DESTDIR)$(gsettingsschemadir)" && rm -f $$files
	echo " ( cd '\''$(DESTDIR)$(gsettingsschemadir)'\'' && rm -f" $$files ")"; \
	else rm -f .ChangeLog.tmp; exit 1; fi
	fi
	files=`for p in $$list; do echo $$p; done | sed -e '\''s|^.*/||'\''`; \
	if test -n "$^"; then \
	rm -f $(gsettings_SCHEMAS:.xml=.valid) $(gsettings__enum_file)
	test -n "$$files" || exit 0; \
	test -n "$(GSETTINGS_DISABLE_SCHEMAS_COMPILE)$(DESTDIR)" || $(GLIB_COMPILE_SCHEMAS) $(gsettingsschemadir)
	then mv -f .ChangeLog.tmp "$(top_distdir)/ChangeLog"; \
#
#    (exclusive). (Default: include all commits)
#    ChangeLog. (Default: various)
#  - CHANGELOG_GIT_DIR: .git directory to use. (Default: $(top_srcdir)/.git)
#  - CHANGELOG_GIT_FLAGS: General flags to pass to git-log when generating the
#  - CHANGELOG_START: git commit ID or tag name to output changelogs from
# Generate ChangeLog
# Generate a ChangeLog in $(top_distdir)
# Optional:
# git-specific
$(gsettings__enum_file): $(gsettings_ENUM_FILES)
%.gschema.valid: %.gschema.xml $(gsettings__enum_file)
'
.PHONY : uninstall-gsettings-schemas install-gsettings-schemas clean-gsettings-schemas
.PHONY: dist-ChangeLog
.SECONDARY: $(gsettings_SCHEMAS)
ACLOCAL='${SHELL} /home/marc/Projects/openGL2/build-aux/missing aclocal-1.15'
ACLOCAL_AMFLAGS='-I m4'
AMDEPBACKSLASH='\'
AMDEP_FALSE='#'
AMDEP_TRUE=''
AMTAR='$${TAR-tar}'
AM_BACKSLASH='\'
AM_DEFAULT_V='$(AM_DEFAULT_VERBOSITY)'
AM_DEFAULT_VERBOSITY='0'
AM_V='$(V)'
API_VERSION='0'
AR='ar'
AUTOCONF='${SHELL} /home/marc/Projects/openGL2/build-aux/missing autoconf'
AUTOHEADER='${SHELL} /home/marc/Projects/openGL2/build-aux/missing autoheader'
AUTOMAKE='${SHELL} /home/marc/Projects/openGL2/build-aux/missing automake-1.15'
AWK='gawk'
CC='gcc'
CCDEPMODE='depmode=gcc3'
CFLAGS=' -std=gnu11'
CHANGELOG_GIT_DIR ?= $(top_srcdir)/.git
CHANGELOG_GIT_FLAGS ?= --stat -M -C --name-status --no-color --no-decorate
CHANGELOG_GIT_RANGE =
CHANGELOG_GIT_RANGE = $(CHANGELOG_START)..
CPP='gcc -E'
CPPFLAGS=''
CXX='g++'
CXXCPP='g++ -E'
CXXDEPMODE='depmode=gcc3'
CXXFLAGS=''
CYGPATH_W='echo'
DEFS='-DHAVE_CONFIG_H'
DEPDIR='.deps'
DLLTOOL='false'
DSYMUTIL=''
DUMPBIN=''
ECHO_C=''
ECHO_N='-n'
ECHO_T=''
EGREP='/bin/grep -E'
EXEEXT=''
FGREP='/bin/grep -F'
GENERATE_CHANGELOG_RULES='
GETTEXT_MACRO_VERSION='0.19'
GETTEXT_PACKAGE='opengl2'
GIT='/usr/bin/git'
GLIB_COMPILE_RESOURCES='/usr/bin/glib-compile-resources'
GLIB_COMPILE_SCHEMAS='/usr/lib/x86_64-linux-gnu/glib-2.0/glib-compile-schemas'
GLIB_GENMARSHAL='/usr/bin/glib-genmarshal'
GLIB_MKENUMS='/usr/bin/glib-mkenums'
GMSGFMT='/usr/bin/msgfmt'
GMSGFMT_015='/usr/bin/msgfmt'
GREP='/bin/grep'
GSETTINGS_DISABLE_SCHEMAS_COMPILE=''
GSETTINGS_RULES='
HAVE_CXX11=''
HAVE_INTROSPECTION_FALSE=''
HAVE_INTROSPECTION_TRUE='#'
INSTALL_DATA='${INSTALL} -m 644'
INSTALL_PROGRAM='${INSTALL}'
INSTALL_SCRIPT='${INSTALL}'
INSTALL_STRIP_PROGRAM='$(install_sh) -c -s'
INTLLIBS=''
INTL_MACOSX_LIBS=''
INTROSPECTION_CFLAGS=''
INTROSPECTION_COMPILER=''
INTROSPECTION_GENERATE=''
INTROSPECTION_GIRDIR=''
INTROSPECTION_LIBS=''
INTROSPECTION_MAKEFILE=''
INTROSPECTION_SCANNER=''
INTROSPECTION_TYPELIBDIR=''
LD='/usr/bin/ld -m elf_x86_64'
LDFLAGS=''
LIBICONV='-liconv'
LIBINTL=''
LIBOBJS=''
LIBS=''
LIBTOOL='$(SHELL) $(top_builddir)/libtool'
LIPO=''
LN_S='ln -s'
LTLIBICONV='-liconv'
LTLIBINTL=''
LTLIBOBJS=''
LT_SYS_LIBRARY_PATH=''
MAINT=''
MAINTAINER_MODE_FALSE='#'
MAINTAINER_MODE_TRUE=''
MAJOR_VERSION='0'
MAKEINFO='${SHELL} /home/marc/Projects/openGL2/build-aux/missing makeinfo'
MANIFEST_TOOL=':'
MICRO_VERSION='0'
MINOR_VERSION='1'
MKDIR_P='/bin/mkdir -p'
MSGFMT='/usr/bin/msgfmt'
MSGFMT_015='/usr/bin/msgfmt'
MSGMERGE='/usr/bin/msgmerge'
NM='/usr/bin/nm -B'
NMEDIT=''
OBJDUMP='objdump'
OBJEXT='o'
OPENGL2_CFLAGS='-pthread -I/usr/include/glib-2.0 -I/usr/lib/x86_64-linux-gnu/glib-2.0/include'
OPENGL2_LIBS='-lgio-2.0 -lgobject-2.0 -lglib-2.0'
OTOOL64=''
OTOOL=''
PACKAGE='opengl2'
PACKAGE_BUGREPORT='https://bugzilla.gnome.org/enter_bug.cgi?product=opengl2'
PACKAGE_NAME='opengl2'
PACKAGE_STRING='opengl2 0.1.0'
PACKAGE_TARNAME='opengl2'
PACKAGE_URL=''
PACKAGE_VERSION='0.1.0'
PATH_SEPARATOR=':'
PKG_CONFIG='/usr/bin/pkg-config'
PKG_CONFIG_LIBDIR=''
PKG_CONFIG_PATH=''
POSUB='po'
RANLIB='ranlib'
SED='/bin/sed'
SET_MAKE=''
SHELL='/bin/bash'
STRIP='strip'
USE_NLS='yes'
VERSION='0.1.0'
WARN_CFLAGS='-fno-strict-aliasing -Wall -Wextra -Wundef -Wnested-externs -Wwrite-strings -Wpointer-arith -Wmissing-declarations -Wmissing-prototypes -Wstrict-prototypes -Wredundant-decls -Wno-unused-parameter -Wno-missing-field-initializers -Wdeclaration-after-statement -Wformat=2 -Wold-style-definition -Wcast-align -Wformat-nonliteral -Wformat-security -Wsign-compare -Wstrict-aliasing -Wshadow -Winline -Wpacked -Wmissing-format-attribute -Wmissing-noreturn -Winit-self -Wmissing-include-dirs -Wunused-but-set-variable -Warray-bounds -Wimplicit-function-declaration -Wreturn-type -Wswitch-enum -Wswitch-default -Werror -Wno-suggest-attribute=format -Wno-error=unused-parameter -Wno-error=missing-field-initializers'
WARN_CXXFLAGS='-fno-strict-aliasing -Wall -Wextra -Wundef -Wwrite-strings -Wpointer-arith -Wmissing-declarations -Wredundant-decls -Wno-unused-parameter -Wno-missing-field-initializers -Wformat=2 -Wcast-align -Wformat-nonliteral -Wformat-security -Wsign-compare -Wstrict-aliasing -Wshadow -Winline -Wpacked -Wmissing-format-attribute -Wmissing-noreturn -Winit-self -Wmissing-include-dirs -Wunused-but-set-variable -Warray-bounds -Wreturn-type -Wno-overloaded-virtual -Wswitch-enum -Wswitch-default -Werror -Wno-suggest-attribute=format -Wno-error=unused-parameter -Wno-error=missing-field-initializers -Wno-error=overloaded-virtual'
WARN_LDFLAGS='-Wl,--no-as-needed -Wl,--fatal-warnings'
WARN_SCANNERFLAGS='              --warn-all                                                                           --warn-error         '
XGETTEXT='/usr/bin/xgettext'
XGETTEXT_015='/usr/bin/xgettext'
XGETTEXT_EXTRA_OPTIONS=''
ac_ct_AR='ar'
ac_ct_CC='gcc'
ac_ct_CXX='g++'
ac_ct_DUMPBIN=''
all-am: $(gsettings_SCHEMAS:.xml=.valid)
am__EXEEXT_FALSE=''
am__EXEEXT_TRUE='#'
am__fastdepCC_FALSE='#'
am__fastdepCC_TRUE=''
am__fastdepCXX_FALSE='#'
am__fastdepCXX_TRUE=''
am__include='include'
am__isrc=''
am__leading_dot='.'
am__nodep='_no'
am__quote=''
am__tar='tar --format=ustar -chf - "$$tardir"'
am__untar='tar -xf -'
bindir='${exec_prefix}/bin'
build='x86_64-pc-linux-gnu'
build_alias=''
build_cpu='x86_64'
build_os='linux-gnu'
build_vendor='pc'
clean-gsettings-schemas:
datadir='${datarootdir}'
datarootdir='${prefix}/share'
dist-ChangeLog:
docdir='${datarootdir}/doc/${PACKAGE_TARNAME}'
dvidir='${docdir}'
else
endif
endif'
exec_prefix='${prefix}'
gsettings__enum_file = $(addsuffix .enums.xml,$(gsettings_ENUM_NAMESPACE))
gsettingsschemadir='${datarootdir}/glib-2.0/schemas'
host='x86_64-pc-linux-gnu'
host_alias=''
host_cpu='x86_64'
host_os='linux-gnu'
host_vendor='pc'
htmldir='${docdir}'
ifdef gsettings_ENUM_NAMESPACE
ifeq ($(CHANGELOG_START),)
includedir='${prefix}/include'
infodir='${datarootdir}/info'
install-data-am: install-gsettings-schemas
install-gsettings-schemas: $(gsettings_SCHEMAS) $(gsettings__enum_file)
install_sh='${SHELL} /home/marc/Projects/openGL2/build-aux/install-sh'
libdir='${exec_prefix}/lib'
libexecdir='${exec_prefix}/libexec'
localedir='${datarootdir}/locale'
localstatedir='${prefix}/var'
mandir='${datarootdir}/man'
mkdir_p='$(MKDIR_P)'
mostlyclean-am: clean-gsettings-schemas
oldincludedir='/usr/include'
pdfdir='${docdir}'
prefix='/home/marc'
program_transform_name='s,x,x,'
psdir='${docdir}'
runstatedir='${localstatedir}/run'
sbindir='${exec_prefix}/sbin'
sharedstatedir='${prefix}/com'
sysconfdir='${prefix}/etc'
target_alias=''
uninstall-am: uninstall-gsettings-schemas
uninstall-gsettings-schemas:

## ----------- ##
## confdefs.h. ##
## ----------- ##

/* confdefs.h */
#define PACKAGE_NAME "opengl2"
#define PACKAGE_TARNAME "opengl2"
#define PACKAGE_VERSION "0.1.0"
#define PACKAGE_STRING "opengl2 0.1.0"
#define PACKAGE_BUGREPORT "https://bugzilla.gnome.org/enter_bug.cgi?product=opengl2"
#define PACKAGE_URL ""
#define PACKAGE "opengl2"
#define VERSION "0.1.0"
#define NDEBUG /**/
#define GETTEXT_PACKAGE "opengl2"
#define ENABLE_NLS 1
#define HAVE_GETTEXT 1
#define HAVE_DCGETTEXT 1
#define STDC_HEADERS 1
#define HAVE_SYS_TYPES_H 1
#define HAVE_SYS_STAT_H 1
#define HAVE_STDLIB_H 1
#define HAVE_STRING_H 1
#define HAVE_MEMORY_H 1
#define HAVE_STRINGS_H 1
#define HAVE_INTTYPES_H 1
#define HAVE_STDINT_H 1
#define HAVE_UNISTD_H 1
#define HAVE_DLFCN_H 1
#define LT_OBJDIR ".libs/"

configure: exit 0

## ---------------------- ##
## Running config.status. ##
## ---------------------- ##

This file was extended by opengl2 config.status 0.1.0, which was
generated by GNU Autoconf 2.69.  Invocation command line was

  CONFIG_FILES    = 
  CONFIG_HEADERS  = 
  CONFIG_LINKS    = 
  CONFIG_COMMANDS = 
  $ ./config.status src/Makefile depfiles

on debian

config.status:1299: creating src/Makefile
config.status:1528: executing depfiles commands
